packages/device-activity-android/android/build/intermediates/manifest_merge_blame_file/debug/processDebugManifest/manifest-merger-blame-debug-report.txt
1<?xml version="1.0" encoding="utf-8"?>
2<manifest xmlns:android="http://schemas.android.com/apk/res/android"
3    xmlns:tools="http://schemas.android.com/tools"
4    package="com.breakrr.deviceactivity" >
5
6    <uses-sdk android:minSdkVersion="24" />
7
8    <!-- Required permissions -->
9    <uses-permission android:name="android.permission.SYSTEM_ALERT_WINDOW" />
9-->src/main/AndroidManifest.xml:6:5-78
9-->src/main/AndroidManifest.xml:6:22-75
10    <uses-permission
10-->src/main/AndroidManifest.xml:7:5-9:47
11        android:name="android.permission.PACKAGE_USAGE_STATS"
11-->src/main/AndroidManifest.xml:8:9-62
12        tools:ignore="ProtectedPermissions" />
12-->src/main/AndroidManifest.xml:9:9-44
13
14    <application>
14-->src/main/AndroidManifest.xml:11:5-25:19
15
16        <!-- Accessibility Service for app monitoring and blocking -->
17        <service
17-->src/main/AndroidManifest.xml:13:9-24:19
18            android:name="com.breakrr.deviceactivity.BlockerAccessibilityService"
18-->src/main/AndroidManifest.xml:14:13-56
19            android:enabled="true"
19-->src/main/AndroidManifest.xml:15:13-35
20            android:exported="true"
20-->src/main/AndroidManifest.xml:16:13-36
21            android:permission="android.permission.BIND_ACCESSIBILITY_SERVICE" >
21-->src/main/AndroidManifest.xml:17:13-79
22            <intent-filter>
22-->src/main/AndroidManifest.xml:18:13-20:29
23                <action android:name="android.accessibilityservice.AccessibilityService" />
23-->src/main/AndroidManifest.xml:19:17-92
23-->src/main/AndroidManifest.xml:19:25-89
24            </intent-filter>
25
26            <meta-data
26-->src/main/AndroidManifest.xml:21:13-23:72
27                android:name="android.accessibilityservice"
27-->src/main/AndroidManifest.xml:22:17-60
28                android:resource="@xml/accessibility_service_config" />
28-->src/main/AndroidManifest.xml:23:17-69
29        </service>
30    </application>
31
32</manifest>